<?xml version="1.0" encoding="UTF-8"?>
<testsuite name="com.vmartinez.crm.advicers.AuditControllerAdviceTest" tests="2" skipped="0" failures="0" errors="0" timestamp="2025-10-24T20:53:40.578Z" hostname="mac.lan" time="0.038">
  <properties/>
  <testcase name="shouldSaveALlEntriesToAuditTable()" classname="com.vmartinez.crm.advicers.AuditControllerAdviceTest" time="0.033"/>
  <testcase name="shouldNotSaveNotExistingCalls()" classname="com.vmartinez.crm.advicers.AuditControllerAdviceTest" time="0.004"/>
  <system-out><![CDATA[14:53:39.768 [Test worker] INFO org.springframework.test.context.support.AnnotationConfigContextLoaderUtils -- Could not detect default configuration classes for test class [com.vmartinez.crm.advicers.AuditControllerAdviceTest]: AuditControllerAdviceTest does not declare any static, non-private, non-final, nested classes annotated with @Configuration.
14:53:39.808 [Test worker] INFO org.springframework.boot.test.context.SpringBootTestContextBootstrapper -- Found @SpringBootConfiguration com.vmartinez.crm.CrmapiApplication for test class com.vmartinez.crm.advicers.AuditControllerAdviceTest

  .   ____          _            __ _ _
 /\\ / ___'_ __ _ _(_)_ __  __ _ \ \ \ \
( ( )\___ | '_ | '_| | '_ \/ _` | \ \ \ \
 \\/  ___)| |_)| | | | | || (_| |  ) ) ) )
  '  |____| .__|_| |_|_| |_\__, | / / / /
 =========|_|==============|___/=/_/_/_/

 :: Spring Boot ::                (v3.5.6)

2025-10-24T14:53:39.934-06:00  INFO 20977 --- [crmapi] [    Test worker] c.v.c.a.AuditControllerAdviceTest        : Starting AuditControllerAdviceTest using Java 17.0.16 with PID 20977 (started by nordstrom_vmartinez in /Users/nordstrom_vmartinez/IdeaProjects/crmapi)
2025-10-24T14:53:39.934-06:00  INFO 20977 --- [crmapi] [    Test worker] c.v.c.a.AuditControllerAdviceTest        : No active profile set, falling back to 1 default profile: "default"
2025-10-24T14:53:40.560-06:00  INFO 20977 --- [crmapi] [    Test worker] o.s.b.t.m.w.SpringBootMockServletContext : Initializing Spring TestDispatcherServlet ''
2025-10-24T14:53:40.560-06:00  INFO 20977 --- [crmapi] [    Test worker] o.s.t.web.servlet.TestDispatcherServlet  : Initializing Servlet ''
2025-10-24T14:53:40.561-06:00  INFO 20977 --- [crmapi] [    Test worker] o.s.t.web.servlet.TestDispatcherServlet  : Completed initialization in 1 ms
2025-10-24T14:53:40.575-06:00  INFO 20977 --- [crmapi] [    Test worker] c.v.c.a.AuditControllerAdviceTest        : Started AuditControllerAdviceTest in 0.742 seconds (process running for 1.094)
]]></system-out>
  <system-err><![CDATA[]]></system-err>
</testsuite>
